<?xml version="1.0" encoding="UTF-8"?>
<!-- Generated by org.testng.reporters.JUnitReportReporter -->
<testsuite skipped="0" hostname="Abhijeets-MacBook-Pro.local" name="com.SmokeSuite.ElementsPageTest" tests="1" failures="0" timestamp="07 Jun 2020 03:32:13 GMT" time="9.578" errors="0">
  <testcase name="selectOfficeCheckBox" time="9.578" classname="com.SmokeSuite.ElementsPageTest"/>
</testsuite> <!-- com.SmokeSuite.ElementsPageTest -->
