<?xml version="1.0" encoding="UTF-8"?>
<!-- Generated by org.testng.reporters.JUnitReportReporter -->
<testsuite skipped="0" hostname="Abhijeets-MacBook-Pro.local" name="com.SmokeSuite.HomePageTest" tests="1" failures="0" timestamp="07 Jun 2020 03:32:13 GMT" time="12.979" errors="0">
  <testcase name="practiceFormTest" time="12.979" classname="com.SmokeSuite.HomePageTest"/>
</testsuite> <!-- com.SmokeSuite.HomePageTest -->
