<?xml version="1.0" encoding="UTF-8"?>
<!-- Generated by org.testng.reporters.JUnitReportReporter -->
<testsuite skipped="0" hostname="Abhijeets-MBP" name="com.SmokeSuite.WidgetPageTest" tests="2" failures="0" timestamp="30 May 2020 08:17:32 GMT" time="18.104" errors="0">
  <testcase name="changeSlider" time="10.192" classname="com.SmokeSuite.WidgetPageTest"/>
  <testcase name="changeProgressBar" time="7.912" classname="com.SmokeSuite.WidgetPageTest"/>
</testsuite> <!-- com.SmokeSuite.WidgetPageTest -->
