<?xml version="1.0" encoding="UTF-8"?>
<!-- Generated by org.testng.reporters.JUnitReportReporter -->
<testsuite skipped="0" hostname="Abhijeets-MBP" name="com.SmokeSuite.HomePageTest" tests="1" failures="0" timestamp="30 May 2020 08:17:32 GMT" time="24.208" errors="0">
  <testcase name="practiceFormTest" time="24.208" classname="com.SmokeSuite.HomePageTest"/>
</testsuite> <!-- com.SmokeSuite.HomePageTest -->
